<?xml version="1.0" encoding="UTF-8"?>
<testsuite xmlns:xsi="http://www.w3.org/2001/XMLSchema-instance" xsi:noNamespaceSchemaLocation="https://maven.apache.org/surefire/maven-surefire-plugin/xsd/surefire-test-report-3.0.xsd" version="3.0" name="com.example.buildchallenge.producerconsumer.ProducerConsumerMainTest" time="10.95" tests="18" errors="0" skipped="0" failures="0">
  <properties>
[...]
</properties>
  <testcase name="testMainMethodCreatesBuffer" classname="com.example.buildchallenge.producerconsumer.ProducerConsumerMainTest" time="0.603">
    <system-out><![CDATA[Produced: Apple
Consumed: Apple
Produced: Banana
Consumed: Banana
Produced: Capsicum
Consumed: Capsicum
Produced: Dates
Consumed: Dates
]]></system-out>
  </testcase>
  <testcase name="testMainMethodJoinsThreads" classname="com.example.buildchallenge.producerconsumer.ProducerConsumerMainTest" time="0.601">
    <system-out><![CDATA[Produced: Apple
Consumed: Apple
Produced: Banana
Consumed: Banana
Produced: Capsicum
Consumed: Capsicum
Produced: Dates
Consumed: Dates
]]></system-out>
  </testcase>
  <testcase name="testMainMethodWithArgs" classname="com.example.buildchallenge.producerconsumer.ProducerConsumerMainTest" time="0.602">
    <system-out><![CDATA[Produced: Apple
Consumed: Apple
Produced: Banana
Consumed: Banana
Produced: Capsicum
Consumed: Capsicum
Produced: Dates
Consumed: Dates
]]></system-out>
  </testcase>
  <testcase name="testMainMethodUsesCorrectSourceList" classname="com.example.buildchallenge.producerconsumer.ProducerConsumerMainTest" time="0.601">
    <system-out><![CDATA[Produced: Apple
Consumed: Apple
Produced: Banana
Consumed: Banana
Produced: Capsicum
Consumed: Capsicum
Produced: Dates
Consumed: Dates
]]></system-out>
  </testcase>
  <testcase name="testMainMethodCreatesProducerAndConsumer" classname="com.example.buildchallenge.producerconsumer.ProducerConsumerMainTest" time="0.602">
    <system-out><![CDATA[Produced: Apple
Consumed: Apple
Produced: Banana
Consumed: Banana
Produced: Capsicum
Consumed: Capsicum
Produced: Dates
Consumed: Dates
]]></system-out>
  </testcase>
  <testcase name="testMainMethodExceptionDeclaration" classname="com.example.buildchallenge.producerconsumer.ProducerConsumerMainTest" time="0.602">
    <system-out><![CDATA[Produced: Apple
Consumed: Apple
Produced: Banana
Consumed: Banana
Produced: Capsicum
Consumed: Capsicum
Produced: Dates
Consumed: Dates
]]></system-out>
  </testcase>
  <testcase name="testMainMethodExceptionHandling" classname="com.example.buildchallenge.producerconsumer.ProducerConsumerMainTest" time="0.602">
    <system-out><![CDATA[Produced: Apple
Consumed: Apple
Produced: Banana
Consumed: Banana
Produced: Capsicum
Consumed: Capsicum
Produced: Dates
Consumed: Dates
]]></system-out>
  </testcase>
  <testcase name="testMainMethodStartsThreads" classname="com.example.buildchallenge.producerconsumer.ProducerConsumerMainTest" time="0.602">
    <system-out><![CDATA[Produced: Apple
Consumed: Apple
Produced: Banana
Consumed: Banana
Produced: Capsicum
Consumed: Capsicum
Produced: Dates
Consumed: Dates
]]></system-out>
  </testcase>
  <testcase name="testMainMethodUsesCorrectDelays" classname="com.example.buildchallenge.producerconsumer.ProducerConsumerMainTest" time="0.602">
    <system-out><![CDATA[Produced: Apple
Consumed: Apple
Produced: Banana
Consumed: Banana
Produced: Capsicum
Consumed: Capsicum
Produced: Dates
Consumed: Dates
]]></system-out>
  </testcase>
  <testcase name="testMainMethodThreadCoordination" classname="com.example.buildchallenge.producerconsumer.ProducerConsumerMainTest" time="0.602">
    <system-out><![CDATA[Produced: Apple
Consumed: Apple
Produced: Banana
Consumed: Banana
Produced: Capsicum
Consumed: Capsicum
Produced: Dates
Consumed: Dates
]]></system-out>
  </testcase>
  <testcase name="testMainMethodMultipleCalls" classname="com.example.buildchallenge.producerconsumer.ProducerConsumerMainTest" time="1.304">
    <system-out><![CDATA[Produced: Apple
Consumed: Apple
Produced: Banana
Consumed: Banana
Produced: Capsicum
Consumed: Capsicum
Produced: Dates
Consumed: Dates
Produced: Apple
Consumed: Apple
Produced: Banana
Consumed: Banana
Produced: Capsicum
Consumed: Capsicum
Produced: Dates
Consumed: Dates
]]></system-out>
  </testcase>
  <testcase name="testMainMethodWithEmptyArgs" classname="com.example.buildchallenge.producerconsumer.ProducerConsumerMainTest" time="0.602">
    <system-out><![CDATA[Produced: Apple
Consumed: Apple
Produced: Banana
Consumed: Banana
Produced: Capsicum
Consumed: Capsicum
Produced: Dates
Consumed: Dates
]]></system-out>
  </testcase>
  <testcase name="testMainMethodCompletes" classname="com.example.buildchallenge.producerconsumer.ProducerConsumerMainTest" time="0.602">
    <system-out><![CDATA[Produced: Apple
Consumed: Apple
Produced: Banana
Consumed: Banana
Produced: Capsicum
Consumed: Capsicum
Produced: Dates
Consumed: Dates
]]></system-out>
  </testcase>
  <testcase name="testMainMethodExecution" classname="com.example.buildchallenge.producerconsumer.ProducerConsumerMainTest" time="0.602">
    <system-out><![CDATA[Produced: Apple
Consumed: Apple
Produced: Banana
Consumed: Banana
Produced: Capsicum
Consumed: Capsicum
Produced: Dates
Consumed: Dates
]]></system-out>
  </testcase>
  <testcase name="testMainMethodProducesAndConsumes" classname="com.example.buildchallenge.producerconsumer.ProducerConsumerMainTest" time="0.602">
    <system-out><![CDATA[Produced: Apple
Consumed: Apple
Produced: Banana
Consumed: Banana
Produced: Capsicum
Consumed: Capsicum
Produced: Dates
Consumed: Dates
]]></system-out>
  </testcase>
  <testcase name="testClassInstantiation" classname="com.example.buildchallenge.producerconsumer.ProducerConsumerMainTest" time="0.0"/>
  <testcase name="testMainMethodNoDeadlock" classname="com.example.buildchallenge.producerconsumer.ProducerConsumerMainTest" time="0.602">
    <system-out><![CDATA[Produced: Apple
Consumed: Apple
Produced: Banana
Consumed: Banana
Produced: Capsicum
Consumed: Capsicum
Produced: Dates
Consumed: Dates
]]></system-out>
  </testcase>
  <testcase name="testMainMethodWithNullArgs" classname="com.example.buildchallenge.producerconsumer.ProducerConsumerMainTest" time="0.601">
    <system-out><![CDATA[Produced: Apple
Consumed: Apple
Produced: Banana
Consumed: Banana
Produced: Capsicum
Consumed: Capsicum
Produced: Dates
Consumed: Dates
]]></system-out>
  </testcase>
</testsuite>