<?xml version="1.0" encoding="UTF-8"?>
<testsuite xmlns:xsi="http://www.w3.org/2001/XMLSchema-instance" xsi:noNamespaceSchemaLocation="https://maven.apache.org/surefire/maven-surefire-plugin/xsd/surefire-test-report-3.0.xsd" version="3.0" name="com.example.buildchallenge.csvanalysis.CsvAnalysisMainTest" time="0.378" tests="24" errors="0" skipped="0" failures="0">
  <properties>
[...]
</properties>
  <testcase name="testMainMethodPrintsResults" classname="com.example.buildchallenge.csvanalysis.CsvAnalysisMainTest" time="0.066">
    <system-out><![CDATA[===== CSV Analysis Results =====
Total sales: 1067.47
Sales by region: {West=350.35, South=276.88, North=278.79, East=161.45}
Top 3 products: [Gadget=379.80999999999995, Thing=348.0, Widget=339.66]
Monthly totals:
  2024-01 -> 199.85
  2024-02 -> 131.47
  2024-03 -> 326.82
  2024-04 -> 409.33
]]></system-out>
  </testcase>
  <testcase name="testMainMethodWithArgs" classname="com.example.buildchallenge.csvanalysis.CsvAnalysisMainTest" time="0.004">
    <system-out><![CDATA[===== CSV Analysis Results =====
Total sales: 1067.47
Sales by region: {West=350.35, South=276.88, North=278.79, East=161.45}
Top 3 products: [Gadget=379.80999999999995, Thing=348.0, Widget=339.66]
Monthly totals:
  2024-01 -> 199.85
  2024-02 -> 131.47
  2024-03 -> 326.82
  2024-04 -> 409.33
]]></system-out>
  </testcase>
  <testcase name="testMainMethodHandlesNullInputStream" classname="com.example.buildchallenge.csvanalysis.CsvAnalysisMainTest" time="0.005">
    <system-out><![CDATA[===== CSV Analysis Results =====
Total sales: 1067.47
Sales by region: {West=350.35, South=276.88, North=278.79, East=161.45}
Top 3 products: [Gadget=379.80999999999995, Thing=348.0, Widget=339.66]
Monthly totals:
  2024-01 -> 199.85
  2024-02 -> 131.47
  2024-03 -> 326.82
  2024-04 -> 409.33
]]></system-out>
  </testcase>
  <testcase name="testMainMethodExceptionDeclaration" classname="com.example.buildchallenge.csvanalysis.CsvAnalysisMainTest" time="0.01">
    <system-out><![CDATA[===== CSV Analysis Results =====
Total sales: 1067.47
Sales by region: {West=350.35, South=276.88, North=278.79, East=161.45}
Top 3 products: [Gadget=379.80999999999995, Thing=348.0, Widget=339.66]
Monthly totals:
  2024-01 -> 199.85
  2024-02 -> 131.47
  2024-03 -> 326.82
  2024-04 -> 409.33
]]></system-out>
  </testcase>
  <testcase name="testMainMethodExceptionHandling" classname="com.example.buildchallenge.csvanalysis.CsvAnalysisMainTest" time="0.013">
    <system-out><![CDATA[===== CSV Analysis Results =====
Total sales: 1067.47
Sales by region: {West=350.35, South=276.88, North=278.79, East=161.45}
Top 3 products: [Gadget=379.80999999999995, Thing=348.0, Widget=339.66]
Monthly totals:
  2024-01 -> 199.85
  2024-02 -> 131.47
  2024-03 -> 326.82
  2024-04 -> 409.33
]]></system-out>
  </testcase>
  <testcase name="testMainMethodFormatsMonthlyOutput" classname="com.example.buildchallenge.csvanalysis.CsvAnalysisMainTest" time="0.01">
    <system-out><![CDATA[===== CSV Analysis Results =====
Total sales: 1067.47
Sales by region: {West=350.35, South=276.88, North=278.79, East=161.45}
Top 3 products: [Gadget=379.80999999999995, Thing=348.0, Widget=339.66]
Monthly totals:
  2024-01 -> 199.85
  2024-02 -> 131.47
  2024-03 -> 326.82
  2024-04 -> 409.33
]]></system-out>
  </testcase>
  <testcase name="testMainMethodCallsSalesAnalyzer" classname="com.example.buildchallenge.csvanalysis.CsvAnalysisMainTest" time="0.023">
    <system-out><![CDATA[===== CSV Analysis Results =====
Total sales: 1067.47
Sales by region: {West=350.35, South=276.88, North=278.79, East=161.45}
Top 3 products: [Gadget=379.80999999999995, Thing=348.0, Widget=339.66]
Monthly totals:
  2024-01 -> 199.85
  2024-02 -> 131.47
  2024-03 -> 326.82
  2024-04 -> 409.33
]]></system-out>
  </testcase>
  <testcase name="testMainMethodMultipleCalls" classname="com.example.buildchallenge.csvanalysis.CsvAnalysisMainTest" time="0.113">
    <system-out><![CDATA[===== CSV Analysis Results =====
Total sales: 1067.47
Sales by region: {West=350.35, South=276.88, North=278.79, East=161.45}
Top 3 products: [Gadget=379.80999999999995, Thing=348.0, Widget=339.66]
Monthly totals:
  2024-01 -> 199.85
  2024-02 -> 131.47
  2024-03 -> 326.82
  2024-04 -> 409.33
===== CSV Analysis Results =====
Total sales: 1067.47
Sales by region: {West=350.35, South=276.88, North=278.79, East=161.45}
Top 3 products: [Gadget=379.80999999999995, Thing=348.0, Widget=339.66]
Monthly totals:
  2024-01 -> 199.85
  2024-02 -> 131.47
  2024-03 -> 326.82
  2024-04 -> 409.33
]]></system-out>
  </testcase>
  <testcase name="testMainMethodCalculatesTotalSales" classname="com.example.buildchallenge.csvanalysis.CsvAnalysisMainTest" time="0.004">
    <system-out><![CDATA[===== CSV Analysis Results =====
Total sales: 1067.47
Sales by region: {West=350.35, South=276.88, North=278.79, East=161.45}
Top 3 products: [Gadget=379.80999999999995, Thing=348.0, Widget=339.66]
Monthly totals:
  2024-01 -> 199.85
  2024-02 -> 131.47
  2024-03 -> 326.82
  2024-04 -> 409.33
]]></system-out>
  </testcase>
  <testcase name="testMainMethodResourceLoading" classname="com.example.buildchallenge.csvanalysis.CsvAnalysisMainTest" time="0.004">
    <system-out><![CDATA[===== CSV Analysis Results =====
Total sales: 1067.47
Sales by region: {West=350.35, South=276.88, North=278.79, East=161.45}
Top 3 products: [Gadget=379.80999999999995, Thing=348.0, Widget=339.66]
Monthly totals:
  2024-01 -> 199.85
  2024-02 -> 131.47
  2024-03 -> 326.82
  2024-04 -> 409.33
]]></system-out>
  </testcase>
  <testcase name="testMainMethodGetsTop3Products" classname="com.example.buildchallenge.csvanalysis.CsvAnalysisMainTest" time="0.003">
    <system-out><![CDATA[===== CSV Analysis Results =====
Total sales: 1067.47
Sales by region: {West=350.35, South=276.88, North=278.79, East=161.45}
Top 3 products: [Gadget=379.80999999999995, Thing=348.0, Widget=339.66]
Monthly totals:
  2024-01 -> 199.85
  2024-02 -> 131.47
  2024-03 -> 326.82
  2024-04 -> 409.33
]]></system-out>
  </testcase>
  <testcase name="testMainMethodWithEmptyArgs" classname="com.example.buildchallenge.csvanalysis.CsvAnalysisMainTest" time="0.007">
    <system-out><![CDATA[===== CSV Analysis Results =====
Total sales: 1067.47
Sales by region: {West=350.35, South=276.88, North=278.79, East=161.45}
Top 3 products: [Gadget=379.80999999999995, Thing=348.0, Widget=339.66]
Monthly totals:
  2024-01 -> 199.85
  2024-02 -> 131.47
  2024-03 -> 326.82
  2024-04 -> 409.33
]]></system-out>
  </testcase>
  <testcase name="testMainMethodCompletes" classname="com.example.buildchallenge.csvanalysis.CsvAnalysisMainTest" time="0.005">
    <system-out><![CDATA[===== CSV Analysis Results =====
Total sales: 1067.47
Sales by region: {West=350.35, South=276.88, North=278.79, East=161.45}
Top 3 products: [Gadget=379.80999999999995, Thing=348.0, Widget=339.66]
Monthly totals:
  2024-01 -> 199.85
  2024-02 -> 131.47
  2024-03 -> 326.82
  2024-04 -> 409.33
]]></system-out>
  </testcase>
  <testcase name="testMainMethodPrintsHeader" classname="com.example.buildchallenge.csvanalysis.CsvAnalysisMainTest" time="0.008">
    <system-out><![CDATA[===== CSV Analysis Results =====
Total sales: 1067.47
Sales by region: {West=350.35, South=276.88, North=278.79, East=161.45}
Top 3 products: [Gadget=379.80999999999995, Thing=348.0, Widget=339.66]
Monthly totals:
  2024-01 -> 199.85
  2024-02 -> 131.47
  2024-03 -> 326.82
  2024-04 -> 409.33
]]></system-out>
  </testcase>
  <testcase name="testMainMethodUsesForEachForMonthly" classname="com.example.buildchallenge.csvanalysis.CsvAnalysisMainTest" time="0.006">
    <system-out><![CDATA[===== CSV Analysis Results =====
Total sales: 1067.47
Sales by region: {West=350.35, South=276.88, North=278.79, East=161.45}
Top 3 products: [Gadget=379.80999999999995, Thing=348.0, Widget=339.66]
Monthly totals:
  2024-01 -> 199.85
  2024-02 -> 131.47
  2024-03 -> 326.82
  2024-04 -> 409.33
]]></system-out>
  </testcase>
  <testcase name="testMainMethodPerformsAllAnalyses" classname="com.example.buildchallenge.csvanalysis.CsvAnalysisMainTest" time="0.006">
    <system-out><![CDATA[===== CSV Analysis Results =====
Total sales: 1067.47
Sales by region: {West=350.35, South=276.88, North=278.79, East=161.45}
Top 3 products: [Gadget=379.80999999999995, Thing=348.0, Widget=339.66]
Monthly totals:
  2024-01 -> 199.85
  2024-02 -> 131.47
  2024-03 -> 326.82
  2024-04 -> 409.33
]]></system-out>
  </testcase>
  <testcase name="testMainMethodCalculatesMonthlyTotals" classname="com.example.buildchallenge.csvanalysis.CsvAnalysisMainTest" time="0.004">
    <system-out><![CDATA[===== CSV Analysis Results =====
Total sales: 1067.47
Sales by region: {West=350.35, South=276.88, North=278.79, East=161.45}
Top 3 products: [Gadget=379.80999999999995, Thing=348.0, Widget=339.66]
Monthly totals:
  2024-01 -> 199.85
  2024-02 -> 131.47
  2024-03 -> 326.82
  2024-04 -> 409.33
]]></system-out>
  </testcase>
  <testcase name="testMainMethodCalculatesSalesByRegion" classname="com.example.buildchallenge.csvanalysis.CsvAnalysisMainTest" time="0.002">
    <system-out><![CDATA[===== CSV Analysis Results =====
Total sales: 1067.47
Sales by region: {West=350.35, South=276.88, North=278.79, East=161.45}
Top 3 products: [Gadget=379.80999999999995, Thing=348.0, Widget=339.66]
Monthly totals:
  2024-01 -> 199.85
  2024-02 -> 131.47
  2024-03 -> 326.82
  2024-04 -> 409.33
]]></system-out>
  </testcase>
  <testcase name="testMainMethodExecution" classname="com.example.buildchallenge.csvanalysis.CsvAnalysisMainTest" time="0.01">
    <system-out><![CDATA[===== CSV Analysis Results =====
Total sales: 1067.47
Sales by region: {West=350.35, South=276.88, North=278.79, East=161.45}
Top 3 products: [Gadget=379.80999999999995, Thing=348.0, Widget=339.66]
Monthly totals:
  2024-01 -> 199.85
  2024-02 -> 131.47
  2024-03 -> 326.82
  2024-04 -> 409.33
]]></system-out>
  </testcase>
  <testcase name="testMainMethodUsesContextClassLoader" classname="com.example.buildchallenge.csvanalysis.CsvAnalysisMainTest" time="0.006">
    <system-out><![CDATA[===== CSV Analysis Results =====
Total sales: 1067.47
Sales by region: {West=350.35, South=276.88, North=278.79, East=161.45}
Top 3 products: [Gadget=379.80999999999995, Thing=348.0, Widget=339.66]
Monthly totals:
  2024-01 -> 199.85
  2024-02 -> 131.47
  2024-03 -> 326.82
  2024-04 -> 409.33
]]></system-out>
  </testcase>
  <testcase name="testMainMethodUsesCorrectResourceName" classname="com.example.buildchallenge.csvanalysis.CsvAnalysisMainTest" time="0.003">
    <system-out><![CDATA[===== CSV Analysis Results =====
Total sales: 1067.47
Sales by region: {West=350.35, South=276.88, North=278.79, East=161.45}
Top 3 products: [Gadget=379.80999999999995, Thing=348.0, Widget=339.66]
Monthly totals:
  2024-01 -> 199.85
  2024-02 -> 131.47
  2024-03 -> 326.82
  2024-04 -> 409.33
]]></system-out>
  </testcase>
  <testcase name="testMainMethodLoadsCsv" classname="com.example.buildchallenge.csvanalysis.CsvAnalysisMainTest" time="0.002">
    <system-out><![CDATA[===== CSV Analysis Results =====
Total sales: 1067.47
Sales by region: {West=350.35, South=276.88, North=278.79, East=161.45}
Top 3 products: [Gadget=379.80999999999995, Thing=348.0, Widget=339.66]
Monthly totals:
  2024-01 -> 199.85
  2024-02 -> 131.47
  2024-03 -> 326.82
  2024-04 -> 409.33
]]></system-out>
  </testcase>
  <testcase name="testClassInstantiation" classname="com.example.buildchallenge.csvanalysis.CsvAnalysisMainTest" time="0.002"/>
  <testcase name="testMainMethodWithNullArgs" classname="com.example.buildchallenge.csvanalysis.CsvAnalysisMainTest" time="0.004">
    <system-out><![CDATA[===== CSV Analysis Results =====
Total sales: 1067.47
Sales by region: {West=350.35, South=276.88, North=278.79, East=161.45}
Top 3 products: [Gadget=379.80999999999995, Thing=348.0, Widget=339.66]
Monthly totals:
  2024-01 -> 199.85
  2024-02 -> 131.47
  2024-03 -> 326.82
  2024-04 -> 409.33
]]></system-out>
  </testcase>
</testsuite>