<?xml version="1.0" encoding="UTF-8"?>
<testsuite xmlns:xsi="http://www.w3.org/2001/XMLSchema-instance" xsi:noNamespaceSchemaLocation="https://maven.apache.org/surefire/maven-surefire-plugin/xsd/surefire-test-report-3.0.xsd" version="3.0" name="com.example.buildchallenge.producerconsumer.SharedBufferTest" time="0.803" tests="16" errors="0" skipped="0" failures="0">
  <properties>
[...]
</properties>
  <testcase name="testPutBlocksWhenFull" classname="com.example.buildchallenge.producerconsumer.SharedBufferTest" time="0.132"/>
  <testcase name="testSizeAndIsEmpty" classname="com.example.buildchallenge.producerconsumer.SharedBufferTest" time="0.002"/>
  <testcase name="testPutAndTakeSingleItem" classname="com.example.buildchallenge.producerconsumer.SharedBufferTest" time="0.001"/>
  <testcase name="testWhileLoopInPut" classname="com.example.buildchallenge.producerconsumer.SharedBufferTest" time="0.102"/>
  <testcase name="testWhileLoopInTake" classname="com.example.buildchallenge.producerconsumer.SharedBufferTest" time="0.101"/>
  <testcase name="testMultipleProducersAndConsumers" classname="com.example.buildchallenge.producerconsumer.SharedBufferTest" time="0.009"/>
  <testcase name="testPutMultipleItems" classname="com.example.buildchallenge.producerconsumer.SharedBufferTest" time="0.001"/>
  <testcase name="testTakeBlocksWhenEmpty" classname="com.example.buildchallenge.producerconsumer.SharedBufferTest" time="0.102"/>
  <testcase name="testInterruptedExceptionOnPut" classname="com.example.buildchallenge.producerconsumer.SharedBufferTest" time="0.103"/>
  <testcase name="testTakeReturnsNullWhenDoneAndEmpty" classname="com.example.buildchallenge.producerconsumer.SharedBufferTest" time="0.001"/>
  <testcase name="testTakeMultipleItems" classname="com.example.buildchallenge.producerconsumer.SharedBufferTest" time="0.006"/>
  <testcase name="testInterruptedExceptionOnTake" classname="com.example.buildchallenge.producerconsumer.SharedBufferTest" time="0.104"/>
  <testcase name="testTakeDoesNotBlockWhenDoneAndEmpty" classname="com.example.buildchallenge.producerconsumer.SharedBufferTest" time="0.001"/>
  <testcase name="testSetDone" classname="com.example.buildchallenge.producerconsumer.SharedBufferTest" time="0.001"/>
  <testcase name="testWhileLoopInTakeWithDoneFlag" classname="com.example.buildchallenge.producerconsumer.SharedBufferTest" time="0.102"/>
  <testcase name="testConstructor" classname="com.example.buildchallenge.producerconsumer.SharedBufferTest" time="0.001"/>
</testsuite>