<?xml version="1.0" encoding="UTF-8"?>
<testsuite xmlns:xsi="http://www.w3.org/2001/XMLSchema-instance" xsi:noNamespaceSchemaLocation="https://maven.apache.org/surefire/maven-surefire-plugin/xsd/surefire-test-report-3.0.xsd" version="3.0" name="com.example.buildchallenge.csvanalysis.SalesRecordTest" time="0.03" tests="20" errors="0" skipped="0" failures="0">
  <properties>
[...]
</properties>
  <testcase name="testTotalWithZeroPrice" classname="com.example.buildchallenge.csvanalysis.SalesRecordTest" time="0.001"/>
  <testcase name="testConstructorWithAllFields" classname="com.example.buildchallenge.csvanalysis.SalesRecordTest" time="0.001"/>
  <testcase name="testFromCsvWithSpaces" classname="com.example.buildchallenge.csvanalysis.SalesRecordTest" time="0.0"/>
  <testcase name="testFromCsvWithDifferentDate" classname="com.example.buildchallenge.csvanalysis.SalesRecordTest" time="0.0"/>
  <testcase name="testFromCsvWithDecimalPrice" classname="com.example.buildchallenge.csvanalysis.SalesRecordTest" time="0.003"/>
  <testcase name="testTotal" classname="com.example.buildchallenge.csvanalysis.SalesRecordTest" time="0.0"/>
  <testcase name="testFromCsv" classname="com.example.buildchallenge.csvanalysis.SalesRecordTest" time="0.0"/>
  <testcase name="testTotalCalculationAccuracy" classname="com.example.buildchallenge.csvanalysis.SalesRecordTest" time="0.001"/>
  <testcase name="testFromCsvWithMultipleRecords" classname="com.example.buildchallenge.csvanalysis.SalesRecordTest" time="0.001"/>
  <testcase name="testTotalWithZeroQuantity" classname="com.example.buildchallenge.csvanalysis.SalesRecordTest" time="0.001"/>
  <testcase name="testGetDate" classname="com.example.buildchallenge.csvanalysis.SalesRecordTest" time="0.001"/>
  <testcase name="testGetProduct" classname="com.example.buildchallenge.csvanalysis.SalesRecordTest" time="0.001"/>
  <testcase name="testTotalWithLargeValues" classname="com.example.buildchallenge.csvanalysis.SalesRecordTest" time="0.001"/>
  <testcase name="testGetSalesperson" classname="com.example.buildchallenge.csvanalysis.SalesRecordTest" time="0.0"/>
  <testcase name="testFromCsvDateFormat" classname="com.example.buildchallenge.csvanalysis.SalesRecordTest" time="0.001"/>
  <testcase name="testFromCsvParsesIntegerQuantity" classname="com.example.buildchallenge.csvanalysis.SalesRecordTest" time="0.0"/>
  <testcase name="testGetRegion" classname="com.example.buildchallenge.csvanalysis.SalesRecordTest" time="0.001"/>
  <testcase name="testFromCsvParsesDoublePrice" classname="com.example.buildchallenge.csvanalysis.SalesRecordTest" time="0.001"/>
  <testcase name="testFromCsvHandlesTrim" classname="com.example.buildchallenge.csvanalysis.SalesRecordTest" time="0.001"/>
  <testcase name="testConstructor" classname="com.example.buildchallenge.csvanalysis.SalesRecordTest" time="0.001"/>
</testsuite>